<?xml version="1.0" encoding="UTF-8"?>
<testng-results ignored="0" total="1" passed="1" failed="0" skipped="0">
  <reporter-output>
  </reporter-output>
  <suite started-at="2026-02-20T13:43:08 IST" name="Default suite" finished-at="2026-02-20T13:43:15 IST" duration-ms="6279">
    <groups>
    </groups>
    <test started-at="2026-02-20T13:43:08 IST" name="Default test" finished-at="2026-02-20T13:43:15 IST" duration-ms="6279">
      <class name="Test1.DynamicWebTable">
        <test-method signature="dynamic()[pri:0, instance:Test1.DynamicWebTable@29215f06]" started-at="2026-02-20T13:43:09 IST" name="dynamic" finished-at="2026-02-20T13:43:15 IST" duration-ms="6198" status="PASS">
          <reporter-output>
          </reporter-output>
        </test-method> <!-- dynamic -->
      </class> <!-- Test1.DynamicWebTable -->
    </test> <!-- Default test -->
  </suite> <!-- Default suite -->
</testng-results>
